1603413390.576028 client started (55401): version 3.0a, socket /tmp//tmux-1000/default, protocol 8
1603413390.576087 on Linux 5.4.0-52-generic #57-Ubuntu SMP Thu Oct 15 10:57:00 UTC 2020; libevent 2.1.11-stable (poll)
1603413390.576141 socket is /tmp//tmux-1000/default
1603413390.576167 trying connect
1603413390.576321 add peer 0x56396bc21bf0: 6 ((nil))
1603413390.576489 sending message 100 to peer 0x56396bc21bf0 (4 bytes)
1603413390.576511 sending message 101 to peer 0x56396bc21bf0 (16 bytes)
1603413390.576524 sending message 102 to peer 0x56396bc21bf0 (11 bytes)
1603413390.576535 sending message 108 to peer 0x56396bc21bf0 (34 bytes)
1603413390.576550 sending message 104 to peer 0x56396bc21bf0 (0 bytes)
1603413390.576564 sending message 107 to peer 0x56396bc21bf0 (4 bytes)
1603413390.576581 sending message 105 to peer 0x56396bc21bf0 (11 bytes)
1603413390.576595 sending message 105 to peer 0x56396bc21bf0 (20 bytes)
1603413390.576606 sending message 105 to peer 0x56396bc21bf0 (54 bytes)
1603413390.576617 sending message 105 to peer 0x56396bc21bf0 (51 bytes)
1603413390.576629 sending message 105 to peer 0x56396bc21bf0 (70 bytes)
1603413390.576640 sending message 105 to peer 0x56396bc21bf0 (23 bytes)
1603413390.576652 sending message 105 to peer 0x56396bc21bf0 (11 bytes)
1603413390.576663 sending message 105 to peer 0x56396bc21bf0 (11 bytes)
1603413390.576673 sending message 105 to peer 0x56396bc21bf0 (18 bytes)
1603413390.576703 sending message 105 to peer 0x56396bc21bf0 (44 bytes)
1603413390.576714 sending message 105 to peer 0x56396bc21bf0 (32 bytes)
1603413390.576723 sending message 105 to peer 0x56396bc21bf0 (86 bytes)
1603413390.576734 sending message 105 to peer 0x56396bc21bf0 (29 bytes)
1603413390.576744 sending message 105 to peer 0x56396bc21bf0 (52 bytes)
1603413390.576753 sending message 105 to peer 0x56396bc21bf0 (28 bytes)
1603413390.576764 sending message 105 to peer 0x56396bc21bf0 (16 bytes)
1603413390.576774 sending message 105 to peer 0x56396bc21bf0 (18 bytes)
1603413390.576784 sending message 105 to peer 0x56396bc21bf0 (47 bytes)
1603413390.576794 sending message 105 to peer 0x56396bc21bf0 (23 bytes)
1603413390.576804 sending message 105 to peer 0x56396bc21bf0 (17 bytes)
1603413390.576814 sending message 105 to peer 0x56396bc21bf0 (23 bytes)
1603413390.576824 sending message 105 to peer 0x56396bc21bf0 (21 bytes)
1603413390.576833 sending message 105 to peer 0x56396bc21bf0 (30 bytes)
1603413390.576865 sending message 105 to peer 0x56396bc21bf0 (27 bytes)
1603413390.576877 sending message 105 to peer 0x56396bc21bf0 (24 bytes)
1603413390.576890 sending message 105 to peer 0x56396bc21bf0 (20 bytes)
1603413390.576901 sending message 105 to peer 0x56396bc21bf0 (23 bytes)
1603413390.576911 sending message 105 to peer 0x56396bc21bf0 (21 bytes)
1603413390.576922 sending message 105 to peer 0x56396bc21bf0 (25 bytes)
1603413390.576932 sending message 105 to peer 0x56396bc21bf0 (20 bytes)
1603413390.576943 sending message 105 to peer 0x56396bc21bf0 (13 bytes)
1603413390.576953 sending message 105 to peer 0x56396bc21bf0 (16 bytes)
1603413390.576964 sending message 105 to peer 0x56396bc21bf0 (54 bytes)
1603413390.576975 sending message 105 to peer 0x56396bc21bf0 (41 bytes)
1603413390.576986 sending message 105 to peer 0x56396bc21bf0 (517 bytes)
1603413390.576998 sending message 105 to peer 0x56396bc21bf0 (38 bytes)
1603413390.577008 sending message 105 to peer 0x56396bc21bf0 (19 bytes)
1603413390.577019 sending message 105 to peer 0x56396bc21bf0 (18 bytes)
1603413390.577029 sending message 105 to peer 0x56396bc21bf0 (16 bytes)
1603413390.577040 sending message 105 to peer 0x56396bc21bf0 (88 bytes)
1603413390.577050 sending message 105 to peer 0x56396bc21bf0 (19 bytes)
1603413390.577061 sending message 105 to peer 0x56396bc21bf0 (8 bytes)
1603413390.577071 sending message 105 to peer 0x56396bc21bf0 (19 bytes)
1603413390.577082 sending message 105 to peer 0x56396bc21bf0 (41 bytes)
1603413390.577093 sending message 105 to peer 0x56396bc21bf0 (21 bytes)
1603413390.577104 sending message 105 to peer 0x56396bc21bf0 (36 bytes)
1603413390.577129 sending message 105 to peer 0x56396bc21bf0 (13 bytes)
1603413390.577139 sending message 105 to peer 0x56396bc21bf0 (10 bytes)
1603413390.577150 sending message 105 to peer 0x56396bc21bf0 (14 bytes)
1603413390.577161 sending message 105 to peer 0x56396bc21bf0 (11 bytes)
1603413390.577171 sending message 105 to peer 0x56396bc21bf0 (17 bytes)
1603413390.577182 sending message 105 to peer 0x56396bc21bf0 (13 bytes)
1603413390.577193 sending message 105 to peer 0x56396bc21bf0 (41 bytes)
1603413390.577204 sending message 105 to peer 0x56396bc21bf0 (45 bytes)
1603413390.577215 sending message 105 to peer 0x56396bc21bf0 (33 bytes)
1603413390.577225 sending message 105 to peer 0x56396bc21bf0 (85 bytes)
1603413390.577235 sending message 105 to peer 0x56396bc21bf0 (23 bytes)
1603413390.577246 sending message 105 to peer 0x56396bc21bf0 (31 bytes)
1603413390.577256 sending message 105 to peer 0x56396bc21bf0 (23 bytes)
1603413390.577267 sending message 105 to peer 0x56396bc21bf0 (27 bytes)
1603413390.577277 sending message 105 to peer 0x56396bc21bf0 (21 bytes)
1603413390.577287 sending message 105 to peer 0x56396bc21bf0 (20 bytes)
1603413390.577298 sending message 105 to peer 0x56396bc21bf0 (16 bytes)
1603413390.577308 sending message 106 to peer 0x56396bc21bf0 (0 bytes)
1603413390.577319 sending message 200 to peer 0x56396bc21bf0 (4 bytes)
1603413390.577330 client loop enter
1603413390.578399 peer 0x56396bc21bf0 message 211
1603413390.578443 client_write: sessions should be nested with care, unset $TMUX to force\n
1603413390.578483 peer 0x56396bc21bf0 message 203
1603413390.578499 client loop exit
